2020-04-14 12:33:08,509 : INFO : adding document #0 to Dictionary(0 unique tokens: [])
2020-04-14 12:33:08,509 : INFO : built Dictionary(19 unique tokens: ['allah', 'astray', 'compassionate', 'day', 'direct']...) from 1 documents (total 22 corpus positions)
2020-04-14 12:33:08,510 : INFO : saving Dictionary object under ./model/verse1_topics_15_1_gram_dict.dict, separately None
2020-04-14 12:33:08,511 : INFO : saved ./model/verse1_topics_15_1_gram_dict.dict
2020-04-14 12:33:08,518 : INFO : storing corpus in Matrix Market format to ./model/verse1_topics_15_1_gram_corpus.mm
2020-04-14 12:33:08,519 : INFO : saving sparse matrix to ./model/verse1_topics_15_1_gram_corpus.mm
2020-04-14 12:33:08,519 : INFO : PROGRESS: saving document #0
2020-04-14 12:33:08,519 : INFO : saved 1x19 matrix, density=100.000% (19/19)
2020-04-14 12:33:08,520 : INFO : saving MmCorpus index to ./model/verse1_topics_15_1_gram_corpus.mm.index
2020-04-14 12:33:08,528 : INFO : using symmetric alpha at 0.06666666666666667
2020-04-14 12:33:08,528 : INFO : using symmetric eta at 0.06666666666666667
2020-04-14 12:33:08,528 : INFO : using serial LDA version on this node
2020-04-14 12:33:08,528 : INFO : running online (single-pass) LDA training, 15 topics, 1 passes over the supplied corpus of 1 documents, updating model once every 1 documents, evaluating perplexity every 1 documents, iterating 50x with a convergence threshold of 0.001000
2020-04-14 12:33:08,528 : WARNING : too few updates, training might not converge; consider increasing the number of passes or iterations to improve accuracy
2020-04-14 12:33:08,530 : INFO : -21.586 per-word bound, 3147099.9 perplexity estimate based on a held-out corpus of 1 documents with 22 words
2020-04-14 12:33:08,530 : INFO : PROGRESS: pass 0, at document #1/1
2020-04-14 12:33:08,532 : INFO : topic #0 (0.067): 0.053*"compassionate" + 0.053*"allah" + 0.053*"merciful" + 0.053*"worship" + 0.053*"universe" + 0.053*"straight" + 0.053*"recompense" + 0.053*"praise" + 0.053*"name" + 0.053*"lord"
2020-04-14 12:33:08,532 : INFO : topic #6 (0.067): 0.053*"compassionate" + 0.053*"merciful" + 0.053*"allah" + 0.053*"help" + 0.053*"worship" + 0.053*"universe" + 0.053*"straight" + 0.053*"recompense" + 0.053*"praise" + 0.053*"name"
2020-04-14 12:33:08,532 : INFO : topic #10 (0.067): 0.053*"compassionate" + 0.053*"merciful" + 0.053*"allah" + 0.053*"recompense" + 0.053*"worship" + 0.053*"universe" + 0.053*"straight" + 0.053*"praise" + 0.053*"name" + 0.053*"lord"
2020-04-14 12:33:08,532 : INFO : topic #13 (0.067): 0.053*"merciful" + 0.053*"allah" + 0.053*"compassionate" + 0.053*"worship" + 0.053*"universe" + 0.053*"straight" + 0.053*"recompense" + 0.053*"praise" + 0.053*"name" + 0.053*"lord"
2020-04-14 12:33:08,532 : INFO : topic #1 (0.067): 0.053*"allah" + 0.053*"merciful" + 0.053*"compassionate" + 0.053*"worship" + 0.053*"universe" + 0.053*"straight" + 0.053*"recompense" + 0.053*"praise" + 0.053*"name" + 0.053*"lord"
2020-04-14 12:33:08,532 : INFO : topic diff=11.025567, rho=1.000000
2020-04-14 12:33:08,537 : INFO : saving LdaState object under ./model/verse1_topics_15_1_gram_lda.model.state, separately None
2020-04-14 12:33:08,542 : INFO : saved ./model/verse1_topics_15_1_gram_lda.model.state
2020-04-14 12:33:08,544 : INFO : saving LdaModel object under ./model/verse1_topics_15_1_gram_lda.model, separately ['expElogbeta', 'sstats']
2020-04-14 12:33:08,544 : INFO : storing np array 'expElogbeta' to ./model/verse1_topics_15_1_gram_lda.model.expElogbeta.npy
2020-04-14 12:33:08,553 : INFO : not storing attribute id2word
2020-04-14 12:33:08,553 : INFO : not storing attribute dispatcher
2020-04-14 12:33:08,553 : INFO : not storing attribute state
2020-04-14 12:33:08,559 : INFO : saved ./model/verse1_topics_15_1_gram_lda.model
2020-04-14 12:33:08,581 : INFO : NumExpr defaulting to 4 threads.
