2020-03-20 17:50:13,328 : INFO : adding document #0 to Dictionary(0 unique tokens: [])
2020-03-20 17:50:13,334 : INFO : built Dictionary(1372 unique tokens: ['1n', 'according', 'amongst', 'andrew', 'angel']...) from 21 documents (total 5860 corpus positions)
2020-03-20 17:50:13,334 : INFO : saving Dictionary object under ./model/verse59_topics_15_1_gram_dict.dict, separately None
2020-03-20 17:50:13,337 : INFO : saved ./model/verse59_topics_15_1_gram_dict.dict
2020-03-20 17:50:13,341 : INFO : storing corpus in Matrix Market format to ./model/verse59_topics_15_1_gram_corpus.mm
2020-03-20 17:50:13,342 : INFO : saving sparse matrix to ./model/verse59_topics_15_1_gram_corpus.mm
2020-03-20 17:50:13,342 : INFO : PROGRESS: saving document #0
2020-03-20 17:50:13,347 : INFO : saved 21x1372 matrix, density=11.478% (3307/28812)
2020-03-20 17:50:13,347 : INFO : saving MmCorpus index to ./model/verse59_topics_15_1_gram_corpus.mm.index
2020-03-20 17:50:13,349 : INFO : using symmetric alpha at 0.06666666666666667
2020-03-20 17:50:13,349 : INFO : using symmetric eta at 0.06666666666666667
2020-03-20 17:50:13,349 : INFO : using serial LDA version on this node
2020-03-20 17:50:13,352 : INFO : running online (single-pass) LDA training, 15 topics, 1 passes over the supplied corpus of 21 documents, updating model once every 21 documents, evaluating perplexity every 21 documents, iterating 50x with a convergence threshold of 0.001000
2020-03-20 17:50:13,352 : WARNING : too few updates, training might not converge; consider increasing the number of passes or iterations to improve accuracy
2020-03-20 17:50:13,405 : INFO : -12.847 per-word bound, 7370.0 perplexity estimate based on a held-out corpus of 21 documents with 5860 words
2020-03-20 17:50:13,405 : INFO : PROGRESS: pass 0, at document #21/21
2020-03-20 17:50:13,436 : INFO : topic #10 (0.067): 0.037*"jesus" + 0.021*"disciple" + 0.013*"father" + 0.010*"answered" + 0.009*"world" + 0.009*"jew" + 0.008*"don’t" + 0.007*"believed" + 0.007*"peter" + 0.007*"temple"
2020-03-20 17:50:13,436 : INFO : topic #9 (0.067): 0.045*"jesus" + 0.018*"world" + 0.013*"son" + 0.011*"don’t" + 0.011*"disciple" + 0.011*"answered" + 0.011*"father" + 0.010*"jew" + 0.010*"sent" + 0.009*"believe"
2020-03-20 17:50:13,436 : INFO : topic #2 (0.067): 0.029*"jesus" + 0.016*"god" + 0.014*"son" + 0.013*"answered" + 0.012*"father" + 0.010*"don’t" + 0.008*"sent" + 0.008*"disciple" + 0.008*"world" + 0.008*"john"
2020-03-20 17:50:13,436 : INFO : topic #7 (0.067): 0.017*"jesus" + 0.011*"disciple" + 0.010*"jew" + 0.009*"pilate" + 0.009*"priest" + 0.009*"answered" + 0.006*"peter" + 0.005*"standing" + 0.005*"“i" + 0.005*"officer"
2020-03-20 17:50:13,436 : INFO : topic #14 (0.067): 0.030*"jesus" + 0.012*"father" + 0.012*"answered" + 0.010*"disciple" + 0.010*"don’t" + 0.009*"remain" + 0.009*"jew" + 0.009*"fruit" + 0.009*"world" + 0.009*"love"
2020-03-20 17:50:13,436 : INFO : topic diff=6.227983, rho=1.000000
2020-03-20 17:50:13,438 : INFO : saving LdaState object under ./model/verse59_topics_15_1_gram_lda.model.state, separately None
2020-03-20 17:50:13,439 : INFO : saved ./model/verse59_topics_15_1_gram_lda.model.state
2020-03-20 17:50:13,441 : INFO : saving LdaModel object under ./model/verse59_topics_15_1_gram_lda.model, separately ['expElogbeta', 'sstats']
2020-03-20 17:50:13,441 : INFO : storing np array 'expElogbeta' to ./model/verse59_topics_15_1_gram_lda.model.expElogbeta.npy
2020-03-20 17:50:13,447 : INFO : not storing attribute state
2020-03-20 17:50:13,447 : INFO : not storing attribute dispatcher
2020-03-20 17:50:13,447 : INFO : not storing attribute id2word
2020-03-20 17:50:13,448 : INFO : saved ./model/verse59_topics_15_1_gram_lda.model
2020-03-20 17:50:13,480 : INFO : NumExpr defaulting to 4 threads.
