2020-03-20 20:24:20,829 : INFO : adding document #0 to Dictionary(0 unique tokens: [])
2020-03-20 20:24:20,831 : INFO : built Dictionary(472 unique tokens: ['1n', 'able', 'affliction', 'amongst', 'anger']...) from 5 documents (total 818 corpus positions)
2020-03-20 20:24:20,831 : INFO : saving Dictionary object under ./model/verse75_topics_15_1_gram_dict.dict, separately None
2020-03-20 20:24:20,832 : INFO : saved ./model/verse75_topics_15_1_gram_dict.dict
2020-03-20 20:24:20,833 : INFO : storing corpus in Matrix Market format to ./model/verse75_topics_15_1_gram_corpus.mm
2020-03-20 20:24:20,834 : INFO : saving sparse matrix to ./model/verse75_topics_15_1_gram_corpus.mm
2020-03-20 20:24:20,834 : INFO : PROGRESS: saving document #0
2020-03-20 20:24:20,835 : INFO : saved 5x472 matrix, density=25.297% (597/2360)
2020-03-20 20:24:20,836 : INFO : saving MmCorpus index to ./model/verse75_topics_15_1_gram_corpus.mm.index
2020-03-20 20:24:20,838 : INFO : using symmetric alpha at 0.06666666666666667
2020-03-20 20:24:20,838 : INFO : using symmetric eta at 0.06666666666666667
2020-03-20 20:24:20,838 : INFO : using serial LDA version on this node
2020-03-20 20:24:20,839 : INFO : running online (single-pass) LDA training, 15 topics, 1 passes over the supplied corpus of 5 documents, updating model once every 5 documents, evaluating perplexity every 5 documents, iterating 50x with a convergence threshold of 0.001000
2020-03-20 20:24:20,839 : WARNING : too few updates, training might not converge; consider increasing the number of passes or iterations to improve accuracy
2020-03-20 20:24:20,851 : INFO : -19.083 per-word bound, 555483.3 perplexity estimate based on a held-out corpus of 5 documents with 818 words
2020-03-20 20:24:20,851 : INFO : PROGRESS: pass 0, at document #5/5
2020-03-20 20:24:20,859 : INFO : topic #12 (0.067): 0.021*"god" + 0.014*"brother" + 0.012*"perfect" + 0.011*"lord" + 0.011*"word" + 0.011*"produce" + 0.011*"tempted" + 0.009*"don’t" + 0.009*"doer" + 0.009*"law"
2020-03-20 20:24:20,859 : INFO : topic #4 (0.067): 0.034*"faith" + 0.012*"dead" + 0.012*"commit" + 0.011*"brother" + 0.010*"law" + 0.010*"poor" + 0.010*"apart" + 0.009*"mercy" + 0.008*"don’t" + 0.008*"clothing"
2020-03-20 20:24:20,859 : INFO : topic #6 (0.067): 0.003*"tongue" + 0.003*"fire" + 0.003*"wisdom" + 0.003*"body" + 0.003*"fresh" + 0.003*"water" + 0.003*"spring" + 0.003*"tamed" + 0.003*"boast" + 0.003*"brother"
2020-03-20 20:24:20,859 : INFO : topic #10 (0.067): 0.023*"brother" + 0.017*"don’t" + 0.014*"god" + 0.012*"fire" + 0.012*"lord" + 0.011*"amongst" + 0.009*"wisdom" + 0.009*"tongue" + 0.008*"faith" + 0.008*"fruit"
2020-03-20 20:24:20,860 : INFO : topic #14 (0.067): 0.029*"lord" + 0.018*"brother" + 0.017*"earth" + 0.016*"behold" + 0.016*"don’t" + 0.012*"rain" + 0.012*"patient" + 0.010*"coming" + 0.010*"pray" + 0.010*"amongst"
2020-03-20 20:24:20,860 : INFO : topic diff=8.192617, rho=1.000000
2020-03-20 20:24:20,861 : INFO : saving LdaState object under ./model/verse75_topics_15_1_gram_lda.model.state, separately None
2020-03-20 20:24:20,863 : INFO : saved ./model/verse75_topics_15_1_gram_lda.model.state
2020-03-20 20:24:20,864 : INFO : saving LdaModel object under ./model/verse75_topics_15_1_gram_lda.model, separately ['expElogbeta', 'sstats']
2020-03-20 20:24:20,864 : INFO : storing np array 'expElogbeta' to ./model/verse75_topics_15_1_gram_lda.model.expElogbeta.npy
2020-03-20 20:24:20,870 : INFO : not storing attribute id2word
2020-03-20 20:24:20,871 : INFO : not storing attribute dispatcher
2020-03-20 20:24:20,871 : INFO : not storing attribute state
2020-03-20 20:24:20,872 : INFO : saved ./model/verse75_topics_15_1_gram_lda.model
2020-03-20 20:24:20,887 : INFO : NumExpr defaulting to 4 threads.
