2020-03-20 17:48:18,367 : INFO : adding document #0 to Dictionary(0 unique tokens: [])
2020-03-20 17:48:18,374 : INFO : built Dictionary(1621 unique tokens: ['1n', 'according', 'allow', 'amazed', 'amongst']...) from 16 documents (total 4755 corpus positions)
2020-03-20 17:48:18,374 : INFO : saving Dictionary object under ./model/verse56_topics_15_1_gram_dict.dict, separately None
2020-03-20 17:48:18,376 : INFO : saved ./model/verse56_topics_15_1_gram_dict.dict
2020-03-20 17:48:18,381 : INFO : storing corpus in Matrix Market format to ./model/verse56_topics_15_1_gram_corpus.mm
2020-03-20 17:48:18,382 : INFO : saving sparse matrix to ./model/verse56_topics_15_1_gram_corpus.mm
2020-03-20 17:48:18,382 : INFO : PROGRESS: saving document #0
2020-03-20 17:48:18,388 : INFO : saved 16x1621 matrix, density=12.708% (3296/25936)
2020-03-20 17:48:18,388 : INFO : saving MmCorpus index to ./model/verse56_topics_15_1_gram_corpus.mm.index
2020-03-20 17:48:18,390 : INFO : using symmetric alpha at 0.06666666666666667
2020-03-20 17:48:18,390 : INFO : using symmetric eta at 0.06666666666666667
2020-03-20 17:48:18,390 : INFO : using serial LDA version on this node
2020-03-20 17:48:18,393 : INFO : running online (single-pass) LDA training, 15 topics, 1 passes over the supplied corpus of 16 documents, updating model once every 16 documents, evaluating perplexity every 16 documents, iterating 50x with a convergence threshold of 0.001000
2020-03-20 17:48:18,393 : WARNING : too few updates, training might not converge; consider increasing the number of passes or iterations to improve accuracy
2020-03-20 17:48:18,440 : INFO : -15.303 per-word bound, 40424.2 perplexity estimate based on a held-out corpus of 16 documents with 4755 words
2020-03-20 17:48:18,440 : INFO : PROGRESS: pass 0, at document #16/16
2020-03-20 17:48:18,464 : INFO : topic #4 (0.067): 0.017*"jesus" + 0.010*"hand" + 0.008*"son" + 0.008*"tell" + 0.008*"saying" + 0.008*"disciple" + 0.006*"immediately" + 0.006*"multitude" + 0.006*"priest" + 0.005*"house"
2020-03-20 17:48:18,464 : INFO : topic #12 (0.067): 0.020*"jesus" + 0.009*"saying" + 0.007*"multitude" + 0.007*"priest" + 0.006*"tell" + 0.006*"immediately" + 0.006*"day" + 0.006*"god" + 0.006*"son" + 0.006*"house"
2020-03-20 17:48:18,465 : INFO : topic #3 (0.067): 0.018*"jesus" + 0.010*"disciple" + 0.009*"heard" + 0.008*"god" + 0.008*"immediately" + 0.006*"multitude" + 0.006*"son" + 0.006*"saying" + 0.006*"sent" + 0.006*"sea"
2020-03-20 17:48:18,465 : INFO : topic #9 (0.067): 0.010*"jesus" + 0.009*"immediately" + 0.005*"word" + 0.005*"time" + 0.005*"heard" + 0.005*"boat" + 0.005*"day" + 0.005*"sea" + 0.005*"parable" + 0.004*"saying"
2020-03-20 17:48:18,465 : INFO : topic #6 (0.067): 0.009*"immediately" + 0.008*"day" + 0.007*"word" + 0.006*"hear" + 0.006*"parable" + 0.006*"boat" + 0.006*"jesus" + 0.006*"disciple" + 0.006*"don’t" + 0.005*"tell"
2020-03-20 17:48:18,465 : INFO : topic diff=5.861826, rho=1.000000
2020-03-20 17:48:18,466 : INFO : saving LdaState object under ./model/verse56_topics_15_1_gram_lda.model.state, separately None
2020-03-20 17:48:18,468 : INFO : saved ./model/verse56_topics_15_1_gram_lda.model.state
2020-03-20 17:48:18,470 : INFO : saving LdaModel object under ./model/verse56_topics_15_1_gram_lda.model, separately ['expElogbeta', 'sstats']
2020-03-20 17:48:18,470 : INFO : storing np array 'expElogbeta' to ./model/verse56_topics_15_1_gram_lda.model.expElogbeta.npy
2020-03-20 17:48:18,476 : INFO : not storing attribute dispatcher
2020-03-20 17:48:18,476 : INFO : not storing attribute state
2020-03-20 17:48:18,476 : INFO : not storing attribute id2word
2020-03-20 17:48:18,477 : INFO : saved ./model/verse56_topics_15_1_gram_lda.model
2020-03-20 17:48:18,504 : INFO : NumExpr defaulting to 4 threads.
