2020-03-20 17:19:50,964 : INFO : adding document #0 to Dictionary(0 unique tokens: [])
2020-03-20 17:19:50,981 : INFO : built Dictionary(2997 unique tokens: ['1n', 'abomination', 'adversary', 'afterward', 'ah']...) from 66 documents (total 12964 corpus positions)
2020-03-20 17:19:50,981 : INFO : saving Dictionary object under ./model/verse23_topics_15_1_gram_dict.dict, separately None
2020-03-20 17:19:50,983 : INFO : saved ./model/verse23_topics_15_1_gram_dict.dict
2020-03-20 17:19:50,996 : INFO : storing corpus in Matrix Market format to ./model/verse23_topics_15_1_gram_corpus.mm
2020-03-20 17:19:50,997 : INFO : saving sparse matrix to ./model/verse23_topics_15_1_gram_corpus.mm
2020-03-20 17:19:50,997 : INFO : PROGRESS: saving document #0
2020-03-20 17:19:51,011 : INFO : saved 66x2997 matrix, density=4.848% (9589/197802)
2020-03-20 17:19:51,011 : INFO : saving MmCorpus index to ./model/verse23_topics_15_1_gram_corpus.mm.index
2020-03-20 17:19:51,016 : INFO : using symmetric alpha at 0.06666666666666667
2020-03-20 17:19:51,016 : INFO : using symmetric eta at 0.06666666666666667
2020-03-20 17:19:51,017 : INFO : using serial LDA version on this node
2020-03-20 17:19:51,022 : INFO : running online (single-pass) LDA training, 15 topics, 1 passes over the supplied corpus of 66 documents, updating model once every 66 documents, evaluating perplexity every 66 documents, iterating 50x with a convergence threshold of 0.001000
2020-03-20 17:19:51,022 : WARNING : too few updates, training might not converge; consider increasing the number of passes or iterations to improve accuracy
2020-03-20 17:19:51,171 : INFO : -13.593 per-word bound, 12359.2 perplexity estimate based on a held-out corpus of 66 documents with 12964 words
2020-03-20 17:19:51,171 : INFO : PROGRESS: pass 0, at document #66/66
2020-03-20 17:19:51,261 : INFO : topic #6 (0.067): 0.036*"lord" + 0.014*"god" + 0.011*"israel" + 0.009*"people" + 0.007*"name" + 0.007*"earth" + 0.007*"water" + 0.007*"hand" + 0.007*"yes" + 0.006*"nation"
2020-03-20 17:19:51,261 : INFO : topic #0 (0.067): 0.036*"lord" + 0.013*"day" + 0.012*"earth" + 0.010*"hand" + 0.010*"egypt" + 0.009*"people" + 0.009*"land" + 0.008*"king" + 0.006*"god" + 0.006*"assyria"
2020-03-20 17:19:51,261 : INFO : topic #5 (0.067): 0.024*"lord" + 0.010*"god" + 0.006*"behold" + 0.006*"lord’s" + 0.005*"day" + 0.005*"chapter" + 0.005*"name" + 0.005*"hand" + 0.005*"ufeffisaiahn" + 0.005*"water"
2020-03-20 17:19:51,262 : INFO : topic #12 (0.067): 0.029*"lord" + 0.009*"people" + 0.008*"god" + 0.005*"house" + 0.005*"zion" + 0.005*"don’t" + 0.005*"israel" + 0.005*"king" + 0.005*"day" + 0.005*"earth"
2020-03-20 17:19:51,262 : INFO : topic #3 (0.067): 0.024*"lord" + 0.010*"people" + 0.008*"day" + 0.007*"behold" + 0.006*"god" + 0.006*"nation" + 0.006*"hand" + 0.005*"king" + 0.005*"house" + 0.005*"heart"
2020-03-20 17:19:51,262 : INFO : topic diff=6.498063, rho=1.000000
2020-03-20 17:19:51,263 : INFO : saving LdaState object under ./model/verse23_topics_15_1_gram_lda.model.state, separately None
2020-03-20 17:19:51,266 : INFO : saved ./model/verse23_topics_15_1_gram_lda.model.state
2020-03-20 17:19:51,268 : INFO : saving LdaModel object under ./model/verse23_topics_15_1_gram_lda.model, separately ['expElogbeta', 'sstats']
2020-03-20 17:19:51,268 : INFO : storing np array 'expElogbeta' to ./model/verse23_topics_15_1_gram_lda.model.expElogbeta.npy
2020-03-20 17:19:51,274 : INFO : not storing attribute dispatcher
2020-03-20 17:19:51,274 : INFO : not storing attribute state
2020-03-20 17:19:51,274 : INFO : not storing attribute id2word
2020-03-20 17:19:51,275 : INFO : saved ./model/verse23_topics_15_1_gram_lda.model
2020-03-20 17:19:51,346 : INFO : NumExpr defaulting to 4 threads.
