2020-03-20 17:07:26,977 : INFO : adding document #0 to Dictionary(0 unique tokens: [])
2020-03-20 17:07:26,979 : INFO : built Dictionary(387 unique tokens: ['1n', 'afflicted', 'almighty', 'arose', 'barley']...) from 4 documents (total 813 corpus positions)
2020-03-20 17:07:26,979 : INFO : saving Dictionary object under ./model/verse8_topics_15_1_gram_dict.dict, separately None
2020-03-20 17:07:26,980 : INFO : saved ./model/verse8_topics_15_1_gram_dict.dict
2020-03-20 17:07:26,982 : INFO : storing corpus in Matrix Market format to ./model/verse8_topics_15_1_gram_corpus.mm
2020-03-20 17:07:26,983 : INFO : saving sparse matrix to ./model/verse8_topics_15_1_gram_corpus.mm
2020-03-20 17:07:26,983 : INFO : PROGRESS: saving document #0
2020-03-20 17:07:26,984 : INFO : saved 4x387 matrix, density=32.300% (500/1548)
2020-03-20 17:07:26,985 : INFO : saving MmCorpus index to ./model/verse8_topics_15_1_gram_corpus.mm.index
2020-03-20 17:07:26,986 : INFO : using symmetric alpha at 0.06666666666666667
2020-03-20 17:07:26,987 : INFO : using symmetric eta at 0.06666666666666667
2020-03-20 17:07:26,987 : INFO : using serial LDA version on this node
2020-03-20 17:07:26,988 : INFO : running online (single-pass) LDA training, 15 topics, 1 passes over the supplied corpus of 4 documents, updating model once every 4 documents, evaluating perplexity every 4 documents, iterating 50x with a convergence threshold of 0.001000
2020-03-20 17:07:26,988 : WARNING : too few updates, training might not converge; consider increasing the number of passes or iterations to improve accuracy
2020-03-20 17:07:26,997 : INFO : -16.740 per-word bound, 109493.0 perplexity estimate based on a held-out corpus of 4 documents with 813 words
2020-03-20 17:07:26,998 : INFO : PROGRESS: pass 0, at document #4/4
2020-03-20 17:07:27,004 : INFO : topic #4 (0.067): 0.031*"boaz" + 0.022*"father" + 0.018*"redeem" + 0.015*"naomi" + 0.014*"lord" + 0.013*"kinsman" + 0.013*"near" + 0.013*"ruth" + 0.011*"name" + 0.010*"wife"
2020-03-20 17:07:27,004 : INFO : topic #2 (0.067): 0.019*"boaz" + 0.015*"reaper" + 0.013*"lord" + 0.012*"daughter" + 0.011*"glean" + 0.010*"motherinlaw" + 0.010*"field" + 0.010*"naomi" + 0.010*"don’t" + 0.009*"kinsman"
2020-03-20 17:07:27,004 : INFO : topic #8 (0.067): 0.030*"father" + 0.024*"boaz" + 0.017*"redeem" + 0.013*"name" + 0.010*"dead" + 0.010*"lord" + 0.009*"kinsman" + 0.009*"near" + 0.009*"israel" + 0.009*"house"
2020-03-20 17:07:27,004 : INFO : topic #0 (0.067): 0.023*"boaz" + 0.019*"lord" + 0.013*"naomi" + 0.013*"father" + 0.012*"kinsman" + 0.011*"name" + 0.011*"woman" + 0.010*"daughter" + 0.009*"motherinlaw" + 0.009*"near"
2020-03-20 17:07:27,005 : INFO : topic #10 (0.067): 0.018*"father" + 0.015*"boaz" + 0.008*"redeem" + 0.008*"near" + 0.008*"name" + 0.008*"sat" + 0.008*"house" + 0.008*"kinsman" + 0.007*"israel" + 0.007*"ruth"
2020-03-20 17:07:27,005 : INFO : topic diff=6.994820, rho=1.000000
2020-03-20 17:07:27,005 : INFO : saving LdaState object under ./model/verse8_topics_15_1_gram_lda.model.state, separately None
2020-03-20 17:07:27,007 : INFO : saved ./model/verse8_topics_15_1_gram_lda.model.state
2020-03-20 17:07:27,008 : INFO : saving LdaModel object under ./model/verse8_topics_15_1_gram_lda.model, separately ['expElogbeta', 'sstats']
2020-03-20 17:07:27,008 : INFO : storing np array 'expElogbeta' to ./model/verse8_topics_15_1_gram_lda.model.expElogbeta.npy
2020-03-20 17:07:27,013 : INFO : not storing attribute state
2020-03-20 17:07:27,014 : INFO : not storing attribute dispatcher
2020-03-20 17:07:27,014 : INFO : not storing attribute id2word
2020-03-20 17:07:27,015 : INFO : saved ./model/verse8_topics_15_1_gram_lda.model
2020-03-20 17:07:27,032 : INFO : NumExpr defaulting to 4 threads.
