2020-03-20 20:19:53,290 : INFO : adding document #0 to Dictionary(0 unique tokens: [])
2020-03-20 20:19:53,293 : INFO : built Dictionary(810 unique tokens: ['1n', 'able', 'abound', 'abounds', 'abundantly']...) from 13 documents (total 1918 corpus positions)
2020-03-20 20:19:53,293 : INFO : saving Dictionary object under ./model/verse63_topics_15_1_gram_dict.dict, separately None
2020-03-20 20:19:53,295 : INFO : saved ./model/verse63_topics_15_1_gram_dict.dict
2020-03-20 20:19:53,297 : INFO : storing corpus in Matrix Market format to ./model/verse63_topics_15_1_gram_corpus.mm
2020-03-20 20:19:53,298 : INFO : saving sparse matrix to ./model/verse63_topics_15_1_gram_corpus.mm
2020-03-20 20:19:53,298 : INFO : PROGRESS: saving document #0
2020-03-20 20:19:53,300 : INFO : saved 13x810 matrix, density=13.143% (1384/10530)
2020-03-20 20:19:53,301 : INFO : saving MmCorpus index to ./model/verse63_topics_15_1_gram_corpus.mm.index
2020-03-20 20:19:53,302 : INFO : using symmetric alpha at 0.06666666666666667
2020-03-20 20:19:53,303 : INFO : using symmetric eta at 0.06666666666666667
2020-03-20 20:19:53,303 : INFO : using serial LDA version on this node
2020-03-20 20:19:53,304 : INFO : running online (single-pass) LDA training, 15 topics, 1 passes over the supplied corpus of 13 documents, updating model once every 13 documents, evaluating perplexity every 13 documents, iterating 50x with a convergence threshold of 0.001000
2020-03-20 20:19:53,304 : WARNING : too few updates, training might not converge; consider increasing the number of passes or iterations to improve accuracy
2020-03-20 20:19:53,331 : INFO : -16.325 per-word bound, 82105.1 perplexity estimate based on a held-out corpus of 13 documents with 1918 words
2020-03-20 20:19:53,331 : INFO : PROGRESS: pass 0, at document #13/13
2020-03-20 20:19:53,349 : INFO : topic #14 (0.067): 0.024*"god" + 0.015*"christ" + 0.010*"letter" + 0.010*"spirit" + 0.010*"behalf" + 0.008*"comfort" + 0.008*"lord" + 0.008*"flesh" + 0.007*"absent" + 0.006*"heart"
2020-03-20 20:19:53,349 : INFO : topic #6 (0.067): 0.027*"christ" + 0.021*"god" + 0.017*"sorrow" + 0.012*"wrote" + 0.012*"aroma" + 0.011*"forgive" + 0.011*"sweet" + 0.011*"love" + 0.010*"grieve" + 0.009*"caused"
2020-03-20 20:19:53,350 : INFO : topic #4 (0.067): 0.009*"assembly" + 0.008*"grace" + 0.007*"lord" + 0.006*"earnest" + 0.006*"love" + 0.005*"readiness" + 0.005*"god" + 0.005*"abundance" + 0.005*"rich" + 0.005*"according"
2020-03-20 20:19:53,350 : INFO : topic #8 (0.067): 0.018*"god" + 0.012*"christ" + 0.011*"glory" + 0.011*"peril" + 0.009*"lord" + 0.009*"spirit" + 0.008*"boast" + 0.007*"heart" + 0.007*"bear" + 0.007*"speak"
2020-03-20 20:19:53,350 : INFO : topic #2 (0.067): 0.019*"god" + 0.009*"christ" + 0.007*"time" + 0.007*"lord" + 0.006*"speak" + 0.006*"heart" + 0.006*"receive" + 0.006*"spirit" + 0.006*"righteousness" + 0.006*"boast"
2020-03-20 20:19:53,350 : INFO : topic diff=8.432386, rho=1.000000
2020-03-20 20:19:53,351 : INFO : saving LdaState object under ./model/verse63_topics_15_1_gram_lda.model.state, separately None
2020-03-20 20:19:53,353 : INFO : saved ./model/verse63_topics_15_1_gram_lda.model.state
2020-03-20 20:19:53,354 : INFO : saving LdaModel object under ./model/verse63_topics_15_1_gram_lda.model, separately ['expElogbeta', 'sstats']
2020-03-20 20:19:53,354 : INFO : storing np array 'expElogbeta' to ./model/verse63_topics_15_1_gram_lda.model.expElogbeta.npy
2020-03-20 20:19:53,360 : INFO : not storing attribute id2word
2020-03-20 20:19:53,360 : INFO : not storing attribute state
2020-03-20 20:19:53,360 : INFO : not storing attribute dispatcher
2020-03-20 20:19:53,361 : INFO : saved ./model/verse63_topics_15_1_gram_lda.model
2020-03-20 20:19:53,380 : INFO : NumExpr defaulting to 4 threads.
