2020-03-20 20:21:36,287 : INFO : adding document #0 to Dictionary(0 unique tokens: [])
2020-03-20 20:21:36,288 : INFO : built Dictionary(378 unique tokens: ['1n', 'according', 'admonishing', 'affliction', 'age']...) from 4 documents (total 676 corpus positions)
2020-03-20 20:21:36,288 : INFO : saving Dictionary object under ./model/verse67_topics_15_1_gram_dict.dict, separately None
2020-03-20 20:21:36,290 : INFO : saved ./model/verse67_topics_15_1_gram_dict.dict
2020-03-20 20:21:36,292 : INFO : storing corpus in Matrix Market format to ./model/verse67_topics_15_1_gram_corpus.mm
2020-03-20 20:21:36,293 : INFO : saving sparse matrix to ./model/verse67_topics_15_1_gram_corpus.mm
2020-03-20 20:21:36,293 : INFO : PROGRESS: saving document #0
2020-03-20 20:21:36,294 : INFO : saved 4x378 matrix, density=33.399% (505/1512)
2020-03-20 20:21:36,295 : INFO : saving MmCorpus index to ./model/verse67_topics_15_1_gram_corpus.mm.index
2020-03-20 20:21:36,296 : INFO : using symmetric alpha at 0.06666666666666667
2020-03-20 20:21:36,296 : INFO : using symmetric eta at 0.06666666666666667
2020-03-20 20:21:36,296 : INFO : using serial LDA version on this node
2020-03-20 20:21:36,297 : INFO : running online (single-pass) LDA training, 15 topics, 1 passes over the supplied corpus of 4 documents, updating model once every 4 documents, evaluating perplexity every 4 documents, iterating 50x with a convergence threshold of 0.001000
2020-03-20 20:21:36,297 : WARNING : too few updates, training might not converge; consider increasing the number of passes or iterations to improve accuracy
2020-03-20 20:21:36,307 : INFO : -18.517 per-word bound, 375040.6 perplexity estimate based on a held-out corpus of 4 documents with 676 words
2020-03-20 20:21:36,307 : INFO : PROGRESS: pass 0, at document #4/4
2020-03-20 20:21:36,313 : INFO : topic #7 (0.067): 0.032*"christ" + 0.028*"god" + 0.022*"lord" + 0.012*"heart" + 0.011*"love" + 0.010*"father" + 0.009*"don’t" + 0.009*"word" + 0.009*"jesus" + 0.009*"earth"
2020-03-20 20:21:36,313 : INFO : topic #6 (0.067): 0.010*"christ" + 0.007*"god" + 0.006*"lord" + 0.006*"flesh" + 0.006*"body" + 0.005*"spirit" + 0.005*"raised" + 0.005*"heart" + 0.005*"power" + 0.005*"faith"
2020-03-20 20:21:36,313 : INFO : topic #5 (0.067): 0.017*"christ" + 0.016*"god" + 0.010*"flesh" + 0.009*"body" + 0.008*"jesus" + 0.008*"power" + 0.008*"wisdom" + 0.008*"world" + 0.007*"faith" + 0.007*"heard"
2020-03-20 20:21:36,313 : INFO : topic #0 (0.067): 0.024*"god" + 0.022*"christ" + 0.014*"heard" + 0.014*"jesus" + 0.012*"servant" + 0.011*"lord" + 0.011*"heaven" + 0.010*"saint" + 0.008*"brother" + 0.008*"hope"
2020-03-20 20:21:36,313 : INFO : topic #8 (0.067): 0.026*"christ" + 0.014*"god" + 0.014*"flesh" + 0.013*"body" + 0.011*"world" + 0.009*"faith" + 0.009*"jesus" + 0.008*"power" + 0.008*"head" + 0.008*"day"
2020-03-20 20:21:36,313 : INFO : topic diff=6.886321, rho=1.000000
2020-03-20 20:21:36,315 : INFO : saving LdaState object under ./model/verse67_topics_15_1_gram_lda.model.state, separately None
2020-03-20 20:21:36,316 : INFO : saved ./model/verse67_topics_15_1_gram_lda.model.state
2020-03-20 20:21:36,317 : INFO : saving LdaModel object under ./model/verse67_topics_15_1_gram_lda.model, separately ['expElogbeta', 'sstats']
2020-03-20 20:21:36,317 : INFO : storing np array 'expElogbeta' to ./model/verse67_topics_15_1_gram_lda.model.expElogbeta.npy
2020-03-20 20:21:36,323 : INFO : not storing attribute state
2020-03-20 20:21:36,323 : INFO : not storing attribute dispatcher
2020-03-20 20:21:36,323 : INFO : not storing attribute id2word
2020-03-20 20:21:36,324 : INFO : saved ./model/verse67_topics_15_1_gram_lda.model
2020-03-20 20:21:36,339 : INFO : NumExpr defaulting to 4 threads.
