2020-03-20 17:05:32,579 : INFO : adding document #0 to Dictionary(0 unique tokens: [])
2020-03-20 17:05:32,586 : INFO : built Dictionary(1452 unique tokens: ['1n', 'able', 'according', 'afraid', 'answered']...) from 24 documents (total 6819 corpus positions)
2020-03-20 17:05:32,586 : INFO : saving Dictionary object under ./model/verse6_topics_15_1_gram_dict.dict, separately None
2020-03-20 17:05:32,588 : INFO : saved ./model/verse6_topics_15_1_gram_dict.dict
2020-03-20 17:05:32,593 : INFO : storing corpus in Matrix Market format to ./model/verse6_topics_15_1_gram_corpus.mm
2020-03-20 17:05:32,594 : INFO : saving sparse matrix to ./model/verse6_topics_15_1_gram_corpus.mm
2020-03-20 17:05:32,594 : INFO : PROGRESS: saving document #0
2020-03-20 17:05:32,600 : INFO : saved 24x1452 matrix, density=9.794% (3413/34848)
2020-03-20 17:05:32,600 : INFO : saving MmCorpus index to ./model/verse6_topics_15_1_gram_corpus.mm.index
2020-03-20 17:05:32,603 : INFO : using symmetric alpha at 0.06666666666666667
2020-03-20 17:05:32,603 : INFO : using symmetric eta at 0.06666666666666667
2020-03-20 17:05:32,603 : INFO : using serial LDA version on this node
2020-03-20 17:05:32,606 : INFO : running online (single-pass) LDA training, 15 topics, 1 passes over the supplied corpus of 24 documents, updating model once every 24 documents, evaluating perplexity every 24 documents, iterating 50x with a convergence threshold of 0.001000
2020-03-20 17:05:32,606 : WARNING : too few updates, training might not converge; consider increasing the number of passes or iterations to improve accuracy
2020-03-20 17:05:32,664 : INFO : -12.437 per-word bound, 5546.1 perplexity estimate based on a held-out corpus of 24 documents with 6819 words
2020-03-20 17:05:32,664 : INFO : PROGRESS: pass 0, at document #24/24
2020-03-20 17:05:32,699 : INFO : topic #4 (0.067): 0.016*"joshua" + 0.016*"king" + 0.014*"lord" + 0.014*"border" + 0.010*"city" + 0.009*"israel" + 0.009*"god" + 0.009*"child" + 0.008*"village" + 0.006*"sea"
2020-03-20 17:05:32,699 : INFO : topic #13 (0.067): 0.026*"border" + 0.016*"child" + 0.012*"beth" + 0.012*"inheritance" + 0.012*"family" + 0.011*"according" + 0.010*"city" + 0.008*"passed" + 0.007*"manasseh" + 0.007*"village"
2020-03-20 17:05:32,699 : INFO : topic #11 (0.067): 0.024*"city" + 0.024*"child" + 0.020*"land" + 0.019*"border" + 0.019*"pasture" + 0.015*"family" + 0.012*"village" + 0.011*"tribe" + 0.010*"according" + 0.010*"beth"
2020-03-20 17:05:32,699 : INFO : topic #6 (0.067): 0.034*"child" + 0.029*"land" + 0.028*"lord" + 0.023*"israel" + 0.022*"city" + 0.019*"joshua" + 0.013*"manasseh" + 0.011*"border" + 0.011*"tribe" + 0.010*"king"
2020-03-20 17:05:32,700 : INFO : topic #8 (0.067): 0.028*"child" + 0.020*"joshua" + 0.020*"israel" + 0.019*"king" + 0.015*"lord" + 0.011*"manasseh" + 0.010*"day" + 0.010*"land" + 0.009*"city" + 0.008*"son"
2020-03-20 17:05:32,700 : INFO : topic diff=6.609223, rho=1.000000
2020-03-20 17:05:32,701 : INFO : saving LdaState object under ./model/verse6_topics_15_1_gram_lda.model.state, separately None
2020-03-20 17:05:32,703 : INFO : saved ./model/verse6_topics_15_1_gram_lda.model.state
2020-03-20 17:05:32,704 : INFO : saving LdaModel object under ./model/verse6_topics_15_1_gram_lda.model, separately ['expElogbeta', 'sstats']
2020-03-20 17:05:32,704 : INFO : storing np array 'expElogbeta' to ./model/verse6_topics_15_1_gram_lda.model.expElogbeta.npy
2020-03-20 17:05:32,710 : INFO : not storing attribute state
2020-03-20 17:05:32,710 : INFO : not storing attribute id2word
2020-03-20 17:05:32,710 : INFO : not storing attribute dispatcher
2020-03-20 17:05:32,711 : INFO : saved ./model/verse6_topics_15_1_gram_lda.model
2020-03-20 17:05:32,744 : INFO : NumExpr defaulting to 4 threads.
