2020-03-20 17:38:01,199 : INFO : adding document #0 to Dictionary(0 unique tokens: [])
2020-03-20 17:38:01,202 : INFO : built Dictionary(831 unique tokens: ['1n', 'aaron', 'account', 'achiacharus', 'aduel']...) from 14 documents (total 2282 corpus positions)
2020-03-20 17:38:01,202 : INFO : saving Dictionary object under ./model/verse40_topics_15_1_gram_dict.dict, separately None
2020-03-20 17:38:01,204 : INFO : saved ./model/verse40_topics_15_1_gram_dict.dict
2020-03-20 17:38:01,206 : INFO : storing corpus in Matrix Market format to ./model/verse40_topics_15_1_gram_corpus.mm
2020-03-20 17:38:01,207 : INFO : saving sparse matrix to ./model/verse40_topics_15_1_gram_corpus.mm
2020-03-20 17:38:01,207 : INFO : PROGRESS: saving document #0
2020-03-20 17:38:01,210 : INFO : saved 14x831 matrix, density=13.512% (1572/11634)
2020-03-20 17:38:01,210 : INFO : saving MmCorpus index to ./model/verse40_topics_15_1_gram_corpus.mm.index
2020-03-20 17:38:01,212 : INFO : using symmetric alpha at 0.06666666666666667
2020-03-20 17:38:01,213 : INFO : using symmetric eta at 0.06666666666666667
2020-03-20 17:38:01,213 : INFO : using serial LDA version on this node
2020-03-20 17:38:01,214 : INFO : running online (single-pass) LDA training, 15 topics, 1 passes over the supplied corpus of 14 documents, updating model once every 14 documents, evaluating perplexity every 14 documents, iterating 50x with a convergence threshold of 0.001000
2020-03-20 17:38:01,215 : WARNING : too few updates, training might not converge; consider increasing the number of passes or iterations to improve accuracy
2020-03-20 17:38:01,245 : INFO : -15.116 per-word bound, 35520.1 perplexity estimate based on a held-out corpus of 14 documents with 2282 words
2020-03-20 17:38:01,245 : INFO : PROGRESS: pass 0, at document #14/14
2020-03-20 17:38:01,266 : INFO : topic #11 (0.067): 0.015*"raguel" + 0.011*"son" + 0.010*"wife" + 0.008*"tobias" + 0.007*"blessed" + 0.007*"edna" + 0.006*"tobit" + 0.006*"child" + 0.006*"father" + 0.005*"day"
2020-03-20 17:38:01,266 : INFO : topic #8 (0.067): 0.021*"god" + 0.017*"angel" + 0.010*"alms" + 0.010*"don’t" + 0.009*"fish" + 0.009*"father" + 0.009*"wife" + 0.008*"son" + 0.008*"sarah" + 0.007*"thanks"
2020-03-20 17:38:01,266 : INFO : topic #5 (0.067): 0.014*"son" + 0.009*"jerusalem" + 0.007*"brother" + 0.007*"tribe" + 0.007*"tobit" + 0.006*"father" + 0.006*"god" + 0.005*"tenth" + 0.005*"tobias" + 0.005*"kindred"
2020-03-20 17:38:01,266 : INFO : topic #0 (0.067): 0.018*"don’t" + 0.014*"child" + 0.010*"alms" + 0.008*"day" + 0.008*"wife" + 0.007*"god" + 0.007*"lord" + 0.007*"mercy" + 0.006*"counsel" + 0.006*"tobias"
2020-03-20 17:38:01,266 : INFO : topic #7 (0.067): 0.020*"don’t" + 0.014*"child" + 0.011*"son" + 0.010*"wife" + 0.010*"alms" + 0.009*"day" + 0.008*"father" + 0.007*"eye" + 0.007*"lord" + 0.007*"daughter"
2020-03-20 17:38:01,267 : INFO : topic diff=7.756834, rho=1.000000
2020-03-20 17:38:01,268 : INFO : saving LdaState object under ./model/verse40_topics_15_1_gram_lda.model.state, separately None
2020-03-20 17:38:01,271 : INFO : saved ./model/verse40_topics_15_1_gram_lda.model.state
2020-03-20 17:38:01,272 : INFO : saving LdaModel object under ./model/verse40_topics_15_1_gram_lda.model, separately ['expElogbeta', 'sstats']
2020-03-20 17:38:01,272 : INFO : storing np array 'expElogbeta' to ./model/verse40_topics_15_1_gram_lda.model.expElogbeta.npy
2020-03-20 17:38:01,278 : INFO : not storing attribute state
2020-03-20 17:38:01,279 : INFO : not storing attribute id2word
2020-03-20 17:38:01,279 : INFO : not storing attribute dispatcher
2020-03-20 17:38:01,280 : INFO : saved ./model/verse40_topics_15_1_gram_lda.model
2020-03-20 17:38:01,307 : INFO : NumExpr defaulting to 4 threads.
