2020-03-20 17:17:51,854 : INFO : adding document #0 to Dictionary(0 unique tokens: [])
2020-03-20 17:17:51,862 : INFO : built Dictionary(1701 unique tokens: ['1n', 'alive', 'aloud', 'amongst', 'anguish']...) from 31 documents (total 5780 corpus positions)
2020-03-20 17:17:51,862 : INFO : saving Dictionary object under ./model/verse20_topics_15_1_gram_dict.dict, separately None
2020-03-20 17:17:51,864 : INFO : saved ./model/verse20_topics_15_1_gram_dict.dict
2020-03-20 17:17:51,871 : INFO : storing corpus in Matrix Market format to ./model/verse20_topics_15_1_gram_corpus.mm
2020-03-20 17:17:51,872 : INFO : saving sparse matrix to ./model/verse20_topics_15_1_gram_corpus.mm
2020-03-20 17:17:51,872 : INFO : PROGRESS: saving document #0
2020-03-20 17:17:51,879 : INFO : saved 31x1701 matrix, density=8.420% (4440/52731)
2020-03-20 17:17:51,879 : INFO : saving MmCorpus index to ./model/verse20_topics_15_1_gram_corpus.mm.index
2020-03-20 17:17:51,883 : INFO : using symmetric alpha at 0.06666666666666667
2020-03-20 17:17:51,883 : INFO : using symmetric eta at 0.06666666666666667
2020-03-20 17:17:51,884 : INFO : using serial LDA version on this node
2020-03-20 17:17:51,887 : INFO : running online (single-pass) LDA training, 15 topics, 1 passes over the supplied corpus of 31 documents, updating model once every 31 documents, evaluating perplexity every 31 documents, iterating 50x with a convergence threshold of 0.001000
2020-03-20 17:17:51,887 : WARNING : too few updates, training might not converge; consider increasing the number of passes or iterations to improve accuracy
2020-03-20 17:17:51,960 : INFO : -14.361 per-word bound, 21046.0 perplexity estimate based on a held-out corpus of 31 documents with 5780 words
2020-03-20 17:17:51,960 : INFO : PROGRESS: pass 0, at document #31/31
2020-03-20 17:17:52,001 : INFO : topic #3 (0.067): 0.017*"heart" + 0.016*"don’t" + 0.009*"son" + 0.008*"fool" + 0.007*"understanding" + 0.007*"word" + 0.007*"eye" + 0.007*"friend" + 0.006*"path" + 0.006*"evil"
2020-03-20 17:17:52,002 : INFO : topic #10 (0.067): 0.008*"don’t" + 0.005*"lord" + 0.005*"wicked" + 0.004*"wise" + 0.004*"hand" + 0.004*"neighbour" + 0.004*"king" + 0.004*"son" + 0.004*"righteous" + 0.003*"foot"
2020-03-20 17:17:52,002 : INFO : topic #8 (0.067): 0.010*"don’t" + 0.009*"word" + 0.006*"house" + 0.006*"understanding" + 0.006*"son" + 0.005*"woman" + 0.005*"amongst" + 0.004*"commandment" + 0.004*"fool" + 0.004*"mouth"
2020-03-20 17:17:52,002 : INFO : topic #2 (0.067): 0.008*"lord" + 0.006*"wise" + 0.006*"righteous" + 0.006*"king" + 0.005*"wicked" + 0.004*"love" + 0.004*"eye" + 0.004*"evil" + 0.004*"blessed" + 0.004*"whoever"
2020-03-20 17:17:52,002 : INFO : topic #7 (0.067): 0.012*"poor" + 0.011*"don’t" + 0.010*"wise" + 0.010*"rich" + 0.009*"lord" + 0.007*"eye" + 0.007*"fool" + 0.007*"heart" + 0.007*"whoever" + 0.007*"knowledge"
2020-03-20 17:17:52,002 : INFO : topic diff=7.073958, rho=1.000000
2020-03-20 17:17:52,004 : INFO : saving LdaState object under ./model/verse20_topics_15_1_gram_lda.model.state, separately None
2020-03-20 17:17:52,006 : INFO : saved ./model/verse20_topics_15_1_gram_lda.model.state
2020-03-20 17:17:52,007 : INFO : saving LdaModel object under ./model/verse20_topics_15_1_gram_lda.model, separately ['expElogbeta', 'sstats']
2020-03-20 17:17:52,008 : INFO : storing np array 'expElogbeta' to ./model/verse20_topics_15_1_gram_lda.model.expElogbeta.npy
2020-03-20 17:17:52,014 : INFO : not storing attribute dispatcher
2020-03-20 17:17:52,014 : INFO : not storing attribute state
2020-03-20 17:17:52,014 : INFO : not storing attribute id2word
2020-03-20 17:17:52,015 : INFO : saved ./model/verse20_topics_15_1_gram_lda.model
2020-03-20 17:17:52,053 : INFO : NumExpr defaulting to 4 threads.
