2020-03-20 20:19:26,322 : INFO : adding document #0 to Dictionary(0 unique tokens: [])
2020-03-20 20:19:26,326 : INFO : built Dictionary(1028 unique tokens: ['1n', 'according', 'age', 'amongst', 'apollos”']...) from 16 documents (total 2955 corpus positions)
2020-03-20 20:19:26,326 : INFO : saving Dictionary object under ./model/verse62_topics_15_1_gram_dict.dict, separately None
2020-03-20 20:19:26,328 : INFO : saved ./model/verse62_topics_15_1_gram_dict.dict
2020-03-20 20:19:26,330 : INFO : storing corpus in Matrix Market format to ./model/verse62_topics_15_1_gram_corpus.mm
2020-03-20 20:19:26,331 : INFO : saving sparse matrix to ./model/verse62_topics_15_1_gram_corpus.mm
2020-03-20 20:19:26,331 : INFO : PROGRESS: saving document #0
2020-03-20 20:19:26,334 : INFO : saved 16x1028 matrix, density=10.974% (1805/16448)
2020-03-20 20:19:26,335 : INFO : saving MmCorpus index to ./model/verse62_topics_15_1_gram_corpus.mm.index
2020-03-20 20:19:26,336 : INFO : using symmetric alpha at 0.06666666666666667
2020-03-20 20:19:26,336 : INFO : using symmetric eta at 0.06666666666666667
2020-03-20 20:19:26,336 : INFO : using serial LDA version on this node
2020-03-20 20:19:26,338 : INFO : running online (single-pass) LDA training, 15 topics, 1 passes over the supplied corpus of 16 documents, updating model once every 16 documents, evaluating perplexity every 16 documents, iterating 50x with a convergence threshold of 0.001000
2020-03-20 20:19:26,338 : WARNING : too few updates, training might not converge; consider increasing the number of passes or iterations to improve accuracy
2020-03-20 20:19:26,372 : INFO : -14.990 per-word bound, 32539.8 perplexity estimate based on a held-out corpus of 16 documents with 2955 words
2020-03-20 20:19:26,373 : INFO : PROGRESS: pass 0, at document #16/16
2020-03-20 20:19:26,394 : INFO : topic #8 (0.067): 0.026*"language" + 0.019*"god" + 0.015*"assembly" + 0.014*"speaks" + 0.014*"speak" + 0.013*"lord" + 0.013*"spirit" + 0.011*"don’t" + 0.011*"woman" + 0.010*"brother"
2020-03-20 20:19:26,394 : INFO : topic #10 (0.067): 0.020*"language" + 0.014*"speaks" + 0.013*"assembly" + 0.011*"god" + 0.009*"speak" + 0.007*"spirit" + 0.007*"law" + 0.007*"body" + 0.006*"dead" + 0.006*"christ"
2020-03-20 20:19:26,394 : INFO : topic #0 (0.067): 0.025*"body" + 0.022*"god" + 0.017*"christ" + 0.016*"raised" + 0.014*"brother" + 0.013*"dead" + 0.012*"idol" + 0.011*"don’t" + 0.009*"weak" + 0.009*"eat"
2020-03-20 20:19:26,394 : INFO : topic #4 (0.067): 0.021*"christ" + 0.017*"law" + 0.016*"god" + 0.014*"lord" + 0.013*"news" + 0.013*"god’s" + 0.011*"don’t" + 0.009*"fleshly" + 0.007*"wise" + 0.007*"written"
2020-03-20 20:19:26,395 : INFO : topic #2 (0.067): 0.024*"woman" + 0.018*"lord" + 0.014*"head" + 0.014*"don’t" + 0.013*"christ" + 0.012*"drink" + 0.010*"god" + 0.009*"eat" + 0.009*"hair" + 0.009*"wife"
2020-03-20 20:19:26,395 : INFO : topic diff=7.587241, rho=1.000000
2020-03-20 20:19:26,396 : INFO : saving LdaState object under ./model/verse62_topics_15_1_gram_lda.model.state, separately None
2020-03-20 20:19:26,398 : INFO : saved ./model/verse62_topics_15_1_gram_lda.model.state
2020-03-20 20:19:26,399 : INFO : saving LdaModel object under ./model/verse62_topics_15_1_gram_lda.model, separately ['expElogbeta', 'sstats']
2020-03-20 20:19:26,399 : INFO : storing np array 'expElogbeta' to ./model/verse62_topics_15_1_gram_lda.model.expElogbeta.npy
2020-03-20 20:19:26,404 : INFO : not storing attribute state
2020-03-20 20:19:26,405 : INFO : not storing attribute dispatcher
2020-03-20 20:19:26,405 : INFO : not storing attribute id2word
2020-03-20 20:19:26,406 : INFO : saved ./model/verse62_topics_15_1_gram_lda.model
2020-03-20 20:19:26,432 : INFO : NumExpr defaulting to 4 threads.
