2020-03-20 17:06:29,453 : INFO : adding document #0 to Dictionary(0 unique tokens: [])
2020-03-20 17:06:29,460 : INFO : built Dictionary(1623 unique tokens: ['1n', 'acco', 'achsah', 'achzib', 'adonibezek']...) from 21 documents (total 6461 corpus positions)
2020-03-20 17:06:29,460 : INFO : saving Dictionary object under ./model/verse7_topics_15_1_gram_dict.dict, separately None
2020-03-20 17:06:29,462 : INFO : saved ./model/verse7_topics_15_1_gram_dict.dict
2020-03-20 17:06:29,467 : INFO : storing corpus in Matrix Market format to ./model/verse7_topics_15_1_gram_corpus.mm
2020-03-20 17:06:29,468 : INFO : saving sparse matrix to ./model/verse7_topics_15_1_gram_corpus.mm
2020-03-20 17:06:29,468 : INFO : PROGRESS: saving document #0
2020-03-20 17:06:29,473 : INFO : saved 21x1623 matrix, density=10.119% (3449/34083)
2020-03-20 17:06:29,474 : INFO : saving MmCorpus index to ./model/verse7_topics_15_1_gram_corpus.mm.index
2020-03-20 17:06:29,476 : INFO : using symmetric alpha at 0.06666666666666667
2020-03-20 17:06:29,476 : INFO : using symmetric eta at 0.06666666666666667
2020-03-20 17:06:29,477 : INFO : using serial LDA version on this node
2020-03-20 17:06:29,479 : INFO : running online (single-pass) LDA training, 15 topics, 1 passes over the supplied corpus of 21 documents, updating model once every 21 documents, evaluating perplexity every 21 documents, iterating 50x with a convergence threshold of 0.001000
2020-03-20 17:06:29,480 : WARNING : too few updates, training might not converge; consider increasing the number of passes or iterations to improve accuracy
2020-03-20 17:06:29,535 : INFO : -13.363 per-word bound, 10532.8 perplexity estimate based on a held-out corpus of 21 documents with 6461 words
2020-03-20 17:06:29,535 : INFO : PROGRESS: pass 0, at document #21/21
2020-03-20 17:06:29,567 : INFO : topic #6 (0.067): 0.017*"israel" + 0.012*"lord" + 0.009*"city" + 0.009*"child" + 0.008*"benjamin" + 0.008*"day" + 0.007*"god" + 0.006*"gibeah" + 0.006*"thousand" + 0.005*"people"
2020-03-20 17:06:29,567 : INFO : topic #3 (0.067): 0.019*"gideon" + 0.018*"child" + 0.017*"lord" + 0.017*"hand" + 0.016*"israel" + 0.013*"god" + 0.013*"son" + 0.011*"zalmunna" + 0.008*"zebah" + 0.008*"city"
2020-03-20 17:06:29,567 : INFO : topic #8 (0.067): 0.009*"child" + 0.009*"israel" + 0.008*"lord" + 0.008*"son" + 0.007*"didn’t" + 0.007*"canaanite" + 0.006*"philistine" + 0.006*"city" + 0.006*"samson" + 0.006*"drive"
2020-03-20 17:06:29,567 : INFO : topic #10 (0.067): 0.020*"israel" + 0.018*"lord" + 0.016*"abimelech" + 0.015*"people" + 0.015*"son" + 0.015*"house" + 0.012*"city" + 0.011*"shechem" + 0.009*"god" + 0.009*"day"
2020-03-20 17:06:29,567 : INFO : topic #13 (0.067): 0.016*"hand" + 0.012*"israel" + 0.011*"samson" + 0.011*"lord" + 0.011*"day" + 0.010*"philistine" + 0.009*"father" + 0.009*"child" + 0.009*"house" + 0.007*"city"
2020-03-20 17:06:29,568 : INFO : topic diff=6.565013, rho=1.000000
2020-03-20 17:06:29,569 : INFO : saving LdaState object under ./model/verse7_topics_15_1_gram_lda.model.state, separately None
2020-03-20 17:06:29,570 : INFO : saved ./model/verse7_topics_15_1_gram_lda.model.state
2020-03-20 17:06:29,572 : INFO : saving LdaModel object under ./model/verse7_topics_15_1_gram_lda.model, separately ['expElogbeta', 'sstats']
2020-03-20 17:06:29,572 : INFO : storing np array 'expElogbeta' to ./model/verse7_topics_15_1_gram_lda.model.expElogbeta.npy
2020-03-20 17:06:29,578 : INFO : not storing attribute dispatcher
2020-03-20 17:06:29,578 : INFO : not storing attribute state
2020-03-20 17:06:29,578 : INFO : not storing attribute id2word
2020-03-20 17:06:29,579 : INFO : saved ./model/verse7_topics_15_1_gram_lda.model
2020-03-20 17:06:29,610 : INFO : NumExpr defaulting to 4 threads.
