2020-03-20 20:18:57,798 : INFO : adding document #0 to Dictionary(0 unique tokens: [])
2020-03-20 20:18:57,802 : INFO : built Dictionary(1109 unique tokens: ['1n', 'according', 'affection', 'amen', 'amongst']...) from 16 documents (total 3176 corpus positions)
2020-03-20 20:18:57,802 : INFO : saving Dictionary object under ./model/verse61_topics_15_1_gram_dict.dict, separately None
2020-03-20 20:18:57,804 : INFO : saved ./model/verse61_topics_15_1_gram_dict.dict
2020-03-20 20:18:57,806 : INFO : storing corpus in Matrix Market format to ./model/verse61_topics_15_1_gram_corpus.mm
2020-03-20 20:18:57,807 : INFO : saving sparse matrix to ./model/verse61_topics_15_1_gram_corpus.mm
2020-03-20 20:18:57,808 : INFO : PROGRESS: saving document #0
2020-03-20 20:18:57,811 : INFO : saved 16x1109 matrix, density=11.232% (1993/17744)
2020-03-20 20:18:57,811 : INFO : saving MmCorpus index to ./model/verse61_topics_15_1_gram_corpus.mm.index
2020-03-20 20:18:57,813 : INFO : using symmetric alpha at 0.06666666666666667
2020-03-20 20:18:57,813 : INFO : using symmetric eta at 0.06666666666666667
2020-03-20 20:18:57,813 : INFO : using serial LDA version on this node
2020-03-20 20:18:57,815 : INFO : running online (single-pass) LDA training, 15 topics, 1 passes over the supplied corpus of 16 documents, updating model once every 16 documents, evaluating perplexity every 16 documents, iterating 50x with a convergence threshold of 0.001000
2020-03-20 20:18:57,815 : WARNING : too few updates, training might not converge; consider increasing the number of passes or iterations to improve accuracy
2020-03-20 20:18:57,852 : INFO : -15.080 per-word bound, 34644.3 perplexity estimate based on a held-out corpus of 16 documents with 3176 words
2020-03-20 20:18:57,852 : INFO : PROGRESS: pass 0, at document #16/16
2020-03-20 20:18:57,874 : INFO : topic #0 (0.067): 0.036*"god" + 0.014*"faith" + 0.012*"gentile" + 0.010*"didn’t" + 0.010*"righteousness" + 0.010*"christ" + 0.009*"abraham" + 0.009*"grace" + 0.009*"written" + 0.008*"law"
2020-03-20 20:18:57,874 : INFO : topic #10 (0.067): 0.035*"sin" + 0.029*"christ" + 0.027*"law" + 0.020*"god" + 0.019*"greet" + 0.015*"lord" + 0.015*"death" + 0.014*"don’t" + 0.014*"life" + 0.010*"jesus"
2020-03-20 20:18:57,874 : INFO : topic #13 (0.067): 0.050*"god" + 0.018*"christ" + 0.016*"faith" + 0.016*"law" + 0.012*"jesus" + 0.010*"lord" + 0.010*"sin" + 0.010*"righteousness" + 0.009*"grace" + 0.007*"news"
2020-03-20 20:18:57,874 : INFO : topic #5 (0.067): 0.040*"greet" + 0.034*"christ" + 0.027*"lord" + 0.020*"god" + 0.016*"jesus" + 0.012*"gentile" + 0.012*"assembly" + 0.010*"brother" + 0.008*"beloved" + 0.008*"fellow"
2020-03-20 20:18:57,874 : INFO : topic #8 (0.067): 0.029*"god" + 0.015*"law" + 0.012*"faith" + 0.011*"according" + 0.011*"spirit" + 0.010*"lord" + 0.010*"christ" + 0.009*"flesh" + 0.008*"don’t" + 0.007*"judge"
2020-03-20 20:18:57,874 : INFO : topic diff=7.782015, rho=1.000000
2020-03-20 20:18:57,876 : INFO : saving LdaState object under ./model/verse61_topics_15_1_gram_lda.model.state, separately None
2020-03-20 20:18:57,877 : INFO : saved ./model/verse61_topics_15_1_gram_lda.model.state
2020-03-20 20:18:57,879 : INFO : saving LdaModel object under ./model/verse61_topics_15_1_gram_lda.model, separately ['expElogbeta', 'sstats']
2020-03-20 20:18:57,879 : INFO : storing np array 'expElogbeta' to ./model/verse61_topics_15_1_gram_lda.model.expElogbeta.npy
2020-03-20 20:18:57,885 : INFO : not storing attribute state
2020-03-20 20:18:57,885 : INFO : not storing attribute id2word
2020-03-20 20:18:57,885 : INFO : not storing attribute dispatcher
2020-03-20 20:18:57,886 : INFO : saved ./model/verse61_topics_15_1_gram_lda.model
2020-03-20 20:18:57,913 : INFO : NumExpr defaulting to 4 threads.
