2020-03-20 17:10:27,615 : INFO : adding document #0 to Dictionary(0 unique tokens: [])
2020-03-20 17:10:27,623 : INFO : built Dictionary(1786 unique tokens: ['1n', 'according', 'act', 'afraid', 'ahab']...) from 25 documents (total 8214 corpus positions)
2020-03-20 17:10:27,624 : INFO : saving Dictionary object under ./model/verse12_topics_15_1_gram_dict.dict, separately None
2020-03-20 17:10:27,626 : INFO : saved ./model/verse12_topics_15_1_gram_dict.dict
2020-03-20 17:10:27,632 : INFO : storing corpus in Matrix Market format to ./model/verse12_topics_15_1_gram_corpus.mm
2020-03-20 17:10:27,632 : INFO : saving sparse matrix to ./model/verse12_topics_15_1_gram_corpus.mm
2020-03-20 17:10:27,633 : INFO : PROGRESS: saving document #0
2020-03-20 17:10:27,639 : INFO : saved 25x1786 matrix, density=9.789% (4371/44650)
2020-03-20 17:10:27,640 : INFO : saving MmCorpus index to ./model/verse12_topics_15_1_gram_corpus.mm.index
2020-03-20 17:10:27,645 : INFO : using symmetric alpha at 0.06666666666666667
2020-03-20 17:10:27,646 : INFO : using symmetric eta at 0.06666666666666667
2020-03-20 17:10:27,646 : INFO : using serial LDA version on this node
2020-03-20 17:10:27,649 : INFO : running online (single-pass) LDA training, 15 topics, 1 passes over the supplied corpus of 25 documents, updating model once every 25 documents, evaluating perplexity every 25 documents, iterating 50x with a convergence threshold of 0.001000
2020-03-20 17:10:27,649 : WARNING : too few updates, training might not converge; consider increasing the number of passes or iterations to improve accuracy
2020-03-20 17:10:27,717 : INFO : -12.747 per-word bound, 6874.3 perplexity estimate based on a held-out corpus of 25 documents with 8214 words
2020-03-20 17:10:27,717 : INFO : PROGRESS: pass 0, at document #25/25
2020-03-20 17:10:27,755 : INFO : topic #7 (0.067): 0.033*"king" + 0.027*"israel" + 0.022*"lord" + 0.022*"son" + 0.013*"house" + 0.011*"god" + 0.011*"judah" + 0.010*"samaria" + 0.009*"hand" + 0.009*"father"
2020-03-20 17:10:27,755 : INFO : topic #14 (0.067): 0.044*"king" + 0.017*"son" + 0.015*"lord" + 0.014*"israel" + 0.013*"elisha" + 0.007*"land" + 0.007*"judah" + 0.007*"god" + 0.007*"hand" + 0.006*"water"
2020-03-20 17:10:27,755 : INFO : topic #9 (0.067): 0.055*"king" + 0.018*"lord" + 0.013*"israel" + 0.013*"son" + 0.013*"judah" + 0.011*"jerusalem" + 0.010*"lord’s" + 0.009*"assyria" + 0.008*"house" + 0.008*"city"
2020-03-20 17:10:27,755 : INFO : topic #4 (0.067): 0.047*"king" + 0.023*"son" + 0.021*"israel" + 0.017*"judah" + 0.017*"lord’s" + 0.016*"house" + 0.013*"lord" + 0.010*"jerusalem" + 0.009*"father" + 0.009*"priest"
2020-03-20 17:10:27,755 : INFO : topic #13 (0.067): 0.026*"king" + 0.016*"lord" + 0.014*"son" + 0.009*"house" + 0.009*"lord’s" + 0.009*"israel" + 0.007*"land" + 0.007*"servant" + 0.007*"city" + 0.007*"jehu"
2020-03-20 17:10:27,756 : INFO : topic diff=6.273302, rho=1.000000
2020-03-20 17:10:27,757 : INFO : saving LdaState object under ./model/verse12_topics_15_1_gram_lda.model.state, separately None
2020-03-20 17:10:27,759 : INFO : saved ./model/verse12_topics_15_1_gram_lda.model.state
2020-03-20 17:10:27,761 : INFO : saving LdaModel object under ./model/verse12_topics_15_1_gram_lda.model, separately ['expElogbeta', 'sstats']
2020-03-20 17:10:27,761 : INFO : storing np array 'expElogbeta' to ./model/verse12_topics_15_1_gram_lda.model.expElogbeta.npy
2020-03-20 17:10:27,767 : INFO : not storing attribute dispatcher
2020-03-20 17:10:27,767 : INFO : not storing attribute state
2020-03-20 17:10:27,767 : INFO : not storing attribute id2word
2020-03-20 17:10:27,768 : INFO : saved ./model/verse12_topics_15_1_gram_lda.model
2020-03-20 17:10:27,806 : INFO : NumExpr defaulting to 4 threads.
