2020-03-20 17:39:30,258 : INFO : adding document #0 to Dictionary(0 unique tokens: [])
2020-03-20 17:39:30,264 : INFO : built Dictionary(1707 unique tokens: ['1n', 'ashamed', 'belong', 'beware', 'blasphemer']...) from 19 documents (total 3778 corpus positions)
2020-03-20 17:39:30,265 : INFO : saving Dictionary object under ./model/verse43_topics_15_1_gram_dict.dict, separately None
2020-03-20 17:39:30,266 : INFO : saved ./model/verse43_topics_15_1_gram_dict.dict
2020-03-20 17:39:30,272 : INFO : storing corpus in Matrix Market format to ./model/verse43_topics_15_1_gram_corpus.mm
2020-03-20 17:39:30,273 : INFO : saving sparse matrix to ./model/verse43_topics_15_1_gram_corpus.mm
2020-03-20 17:39:30,273 : INFO : PROGRESS: saving document #0
2020-03-20 17:39:30,277 : INFO : saved 19x1707 matrix, density=9.675% (3138/32433)
2020-03-20 17:39:30,278 : INFO : saving MmCorpus index to ./model/verse43_topics_15_1_gram_corpus.mm.index
2020-03-20 17:39:30,280 : INFO : using symmetric alpha at 0.06666666666666667
2020-03-20 17:39:30,280 : INFO : using symmetric eta at 0.06666666666666667
2020-03-20 17:39:30,281 : INFO : using serial LDA version on this node
2020-03-20 17:39:30,284 : INFO : running online (single-pass) LDA training, 15 topics, 1 passes over the supplied corpus of 19 documents, updating model once every 19 documents, evaluating perplexity every 19 documents, iterating 50x with a convergence threshold of 0.001000
2020-03-20 17:39:30,284 : WARNING : too few updates, training might not converge; consider increasing the number of passes or iterations to improve accuracy
2020-03-20 17:39:30,336 : INFO : -17.735 per-word bound, 218150.6 perplexity estimate based on a held-out corpus of 19 documents with 3778 words
2020-03-20 17:39:30,336 : INFO : PROGRESS: pass 0, at document #19/19
2020-03-20 17:39:30,365 : INFO : topic #13 (0.067): 0.010*"god" + 0.006*"life" + 0.006*"hand" + 0.006*"let’s" + 0.006*"didn’t" + 0.005*"time" + 0.005*"world" + 0.005*"righteous" + 0.004*"lord" + 0.004*"child"
2020-03-20 17:39:30,365 : INFO : topic #2 (0.067): 0.016*"god" + 0.007*"righteous" + 0.006*"let’s" + 0.006*"lord" + 0.006*"time" + 0.006*"wisdom" + 0.006*"life" + 0.006*"power" + 0.005*"didn’t" + 0.005*"sin"
2020-03-20 17:39:30,366 : INFO : topic #6 (0.067): 0.007*"earth" + 0.006*"desire" + 0.006*"god" + 0.005*"sin" + 0.004*"neither" + 0.004*"life" + 0.004*"solomonn" + 0.004*"dead" + 0.004*"enemy" + 0.004*"light"
2020-03-20 17:39:30,366 : INFO : topic #7 (0.067): 0.007*"let’s" + 0.005*"god" + 0.005*"life" + 0.004*"righteous" + 0.003*"time" + 0.003*"child" + 0.003*"sin" + 0.003*"test" + 0.003*"ungodly" + 0.003*"death"
2020-03-20 17:39:30,366 : INFO : topic #3 (0.067): 0.010*"god" + 0.005*"life" + 0.004*"evil" + 0.004*"power" + 0.003*"sin" + 0.003*"earth" + 0.003*"clay" + 0.003*"hand" + 0.003*"spirit" + 0.003*"image"
2020-03-20 17:39:30,366 : INFO : topic diff=6.648718, rho=1.000000
2020-03-20 17:39:30,368 : INFO : saving LdaState object under ./model/verse43_topics_15_1_gram_lda.model.state, separately None
2020-03-20 17:39:30,370 : INFO : saved ./model/verse43_topics_15_1_gram_lda.model.state
2020-03-20 17:39:30,371 : INFO : saving LdaModel object under ./model/verse43_topics_15_1_gram_lda.model, separately ['expElogbeta', 'sstats']
2020-03-20 17:39:30,372 : INFO : storing np array 'expElogbeta' to ./model/verse43_topics_15_1_gram_lda.model.expElogbeta.npy
2020-03-20 17:39:30,378 : INFO : not storing attribute state
2020-03-20 17:39:30,378 : INFO : not storing attribute dispatcher
2020-03-20 17:39:30,378 : INFO : not storing attribute id2word
2020-03-20 17:39:30,379 : INFO : saved ./model/verse43_topics_15_1_gram_lda.model
2020-03-20 17:39:30,409 : INFO : NumExpr defaulting to 4 threads.
