2020-03-20 17:44:24,901 : INFO : adding document #0 to Dictionary(0 unique tokens: [])
2020-03-20 17:44:24,910 : INFO : built Dictionary(1983 unique tokens: ['1n', 'aaron', 'abacuc', 'abdias', 'abissei']...) from 16 documents (total 6806 corpus positions)
2020-03-20 17:44:24,910 : INFO : saving Dictionary object under ./model/verse52_topics_15_1_gram_dict.dict, separately None
2020-03-20 17:44:24,912 : INFO : saved ./model/verse52_topics_15_1_gram_dict.dict
2020-03-20 17:44:24,919 : INFO : storing corpus in Matrix Market format to ./model/verse52_topics_15_1_gram_corpus.mm
2020-03-20 17:44:24,920 : INFO : saving sparse matrix to ./model/verse52_topics_15_1_gram_corpus.mm
2020-03-20 17:44:24,920 : INFO : PROGRESS: saving document #0
2020-03-20 17:44:24,926 : INFO : saved 16x1983 matrix, density=13.732% (4357/31728)
2020-03-20 17:44:24,927 : INFO : saving MmCorpus index to ./model/verse52_topics_15_1_gram_corpus.mm.index
2020-03-20 17:44:24,932 : INFO : using symmetric alpha at 0.06666666666666667
2020-03-20 17:44:24,932 : INFO : using symmetric eta at 0.06666666666666667
2020-03-20 17:44:24,932 : INFO : using serial LDA version on this node
2020-03-20 17:44:24,936 : INFO : running online (single-pass) LDA training, 15 topics, 1 passes over the supplied corpus of 16 documents, updating model once every 16 documents, evaluating perplexity every 16 documents, iterating 50x with a convergence threshold of 0.001000
2020-03-20 17:44:24,936 : WARNING : too few updates, training might not converge; consider increasing the number of passes or iterations to improve accuracy
2020-03-20 17:44:24,991 : INFO : -14.421 per-word bound, 21929.6 perplexity estimate based on a held-out corpus of 16 documents with 6806 words
2020-03-20 17:44:24,992 : INFO : PROGRESS: pass 0, at document #16/16
2020-03-20 17:44:25,020 : INFO : topic #3 (0.067): 0.009*"answered" + 0.007*"day" + 0.006*"lord" + 0.006*"earth" + 0.005*"world" + 0.005*"pas" + 0.005*"time" + 0.004*"behold" + 0.004*"don’t" + 0.004*"live"
2020-03-20 17:44:25,020 : INFO : topic #2 (0.067): 0.009*"son" + 0.009*"day" + 0.008*"lord" + 0.007*"earth" + 0.007*"world" + 0.007*"behold" + 0.006*"people" + 0.005*"answered" + 0.005*"evil" + 0.005*"child"
2020-03-20 17:44:25,021 : INFO : topic #12 (0.067): 0.007*"lord" + 0.007*"time" + 0.007*"people" + 0.006*"answered" + 0.006*"day" + 0.005*"earth" + 0.004*"world" + 0.004*"son" + 0.004*"pas" + 0.004*"child"
2020-03-20 17:44:25,021 : INFO : topic #10 (0.067): 0.016*"lord" + 0.011*"earth" + 0.009*"day" + 0.008*"child" + 0.007*"answered" + 0.006*"time" + 0.006*"people" + 0.006*"world" + 0.005*"judgement" + 0.005*"behold"
2020-03-20 17:44:25,021 : INFO : topic #4 (0.067): 0.009*"earth" + 0.007*"lord" + 0.007*"don’t" + 0.006*"time" + 0.006*"live" + 0.006*"people" + 0.006*"heart" + 0.006*"hand" + 0.006*"day" + 0.005*"city"
2020-03-20 17:44:25,021 : INFO : topic diff=5.266094, rho=1.000000
2020-03-20 17:44:25,023 : INFO : saving LdaState object under ./model/verse52_topics_15_1_gram_lda.model.state, separately None
2020-03-20 17:44:25,026 : INFO : saved ./model/verse52_topics_15_1_gram_lda.model.state
2020-03-20 17:44:25,028 : INFO : saving LdaModel object under ./model/verse52_topics_15_1_gram_lda.model, separately ['expElogbeta', 'sstats']
2020-03-20 17:44:25,028 : INFO : storing np array 'expElogbeta' to ./model/verse52_topics_15_1_gram_lda.model.expElogbeta.npy
2020-03-20 17:44:25,035 : INFO : not storing attribute dispatcher
2020-03-20 17:44:25,035 : INFO : not storing attribute state
2020-03-20 17:44:25,035 : INFO : not storing attribute id2word
2020-03-20 17:44:25,037 : INFO : saved ./model/verse52_topics_15_1_gram_lda.model
2020-03-20 17:44:25,071 : INFO : NumExpr defaulting to 4 threads.
