2020-03-20 17:41:26,236 : INFO : adding document #0 to Dictionary(0 unique tokens: [])
2020-03-20 17:41:26,245 : INFO : built Dictionary(1849 unique tokens: ['1n', 'abominable', 'abomination', 'according', 'adversary']...) from 16 documents (total 7778 corpus positions)
2020-03-20 17:41:26,245 : INFO : saving Dictionary object under ./model/verse46_topics_15_1_gram_dict.dict, separately None
2020-03-20 17:41:26,247 : INFO : saved ./model/verse46_topics_15_1_gram_dict.dict
2020-03-20 17:41:26,254 : INFO : storing corpus in Matrix Market format to ./model/verse46_topics_15_1_gram_corpus.mm
2020-03-20 17:41:26,255 : INFO : saving sparse matrix to ./model/verse46_topics_15_1_gram_corpus.mm
2020-03-20 17:41:26,255 : INFO : PROGRESS: saving document #0
2020-03-20 17:41:26,262 : INFO : saved 16x1849 matrix, density=15.370% (4547/29584)
2020-03-20 17:41:26,263 : INFO : saving MmCorpus index to ./model/verse46_topics_15_1_gram_corpus.mm.index
2020-03-20 17:41:26,267 : INFO : using symmetric alpha at 0.06666666666666667
2020-03-20 17:41:26,267 : INFO : using symmetric eta at 0.06666666666666667
2020-03-20 17:41:26,267 : INFO : using serial LDA version on this node
2020-03-20 17:41:26,271 : INFO : running online (single-pass) LDA training, 15 topics, 1 passes over the supplied corpus of 16 documents, updating model once every 16 documents, evaluating perplexity every 16 documents, iterating 50x with a convergence threshold of 0.001000
2020-03-20 17:41:26,271 : WARNING : too few updates, training might not converge; consider increasing the number of passes or iterations to improve accuracy
2020-03-20 17:41:26,331 : INFO : -13.204 per-word bound, 9438.5 perplexity estimate based on a held-out corpus of 16 documents with 7778 words
2020-03-20 17:41:26,331 : INFO : PROGRESS: pass 0, at document #16/16
2020-03-20 17:41:26,358 : INFO : topic #3 (0.067): 0.015*"people" + 0.012*"simon" + 0.012*"juda" + 0.011*"land" + 0.011*"king" + 0.011*"army" + 0.010*"day" + 0.010*"city" + 0.009*"sent" + 0.008*"jonathan"
2020-03-20 17:41:26,359 : INFO : topic #4 (0.067): 0.015*"city" + 0.015*"king" + 0.013*"jonathan" + 0.011*"people" + 0.010*"juda" + 0.010*"army" + 0.009*"israel" + 0.009*"land" + 0.008*"son" + 0.007*"sent"
2020-03-20 17:41:26,359 : INFO : topic #14 (0.067): 0.014*"people" + 0.009*"simon" + 0.008*"king" + 0.008*"city" + 0.008*"country" + 0.007*"sent" + 0.007*"nation" + 0.007*"son" + 0.007*"priest" + 0.007*"jonathan"
2020-03-20 17:41:26,359 : INFO : topic #0 (0.067): 0.015*"king" + 0.011*"city" + 0.010*"israel" + 0.010*"jonathan" + 0.009*"army" + 0.009*"people" + 0.008*"juda" + 0.007*"simon" + 0.007*"land" + 0.006*"thousand"
2020-03-20 17:41:26,359 : INFO : topic #9 (0.067): 0.011*"king" + 0.010*"people" + 0.010*"jonathan" + 0.010*"juda" + 0.010*"day" + 0.009*"army" + 0.009*"city" + 0.007*"son" + 0.006*"land" + 0.006*"sent"
2020-03-20 17:41:26,359 : INFO : topic diff=5.211375, rho=1.000000
2020-03-20 17:41:26,360 : INFO : saving LdaState object under ./model/verse46_topics_15_1_gram_lda.model.state, separately None
2020-03-20 17:41:26,362 : INFO : saved ./model/verse46_topics_15_1_gram_lda.model.state
2020-03-20 17:41:26,364 : INFO : saving LdaModel object under ./model/verse46_topics_15_1_gram_lda.model, separately ['expElogbeta', 'sstats']
2020-03-20 17:41:26,364 : INFO : storing np array 'expElogbeta' to ./model/verse46_topics_15_1_gram_lda.model.expElogbeta.npy
2020-03-20 17:41:26,370 : INFO : not storing attribute dispatcher
2020-03-20 17:41:26,370 : INFO : not storing attribute state
2020-03-20 17:41:26,370 : INFO : not storing attribute id2word
2020-03-20 17:41:26,371 : INFO : saved ./model/verse46_topics_15_1_gram_lda.model
2020-03-20 17:41:26,403 : INFO : NumExpr defaulting to 4 threads.
