2020-03-20 20:25:33,970 : INFO : adding document #0 to Dictionary(0 unique tokens: [])
2020-03-20 20:25:33,970 : INFO : built Dictionary(69 unique tokens: ['1n', 'accomplished', 'according', 'amen', 'antichrist']...) from 1 documents (total 103 corpus positions)
2020-03-20 20:25:33,970 : INFO : saving Dictionary object under ./model/verse79_topics_15_1_gram_dict.dict, separately None
2020-03-20 20:25:33,972 : INFO : saved ./model/verse79_topics_15_1_gram_dict.dict
2020-03-20 20:25:33,972 : INFO : storing corpus in Matrix Market format to ./model/verse79_topics_15_1_gram_corpus.mm
2020-03-20 20:25:33,973 : INFO : saving sparse matrix to ./model/verse79_topics_15_1_gram_corpus.mm
2020-03-20 20:25:33,973 : INFO : PROGRESS: saving document #0
2020-03-20 20:25:33,974 : INFO : saved 1x69 matrix, density=100.000% (69/69)
2020-03-20 20:25:33,974 : INFO : saving MmCorpus index to ./model/verse79_topics_15_1_gram_corpus.mm.index
2020-03-20 20:25:33,976 : INFO : using symmetric alpha at 0.06666666666666667
2020-03-20 20:25:33,976 : INFO : using symmetric eta at 0.06666666666666667
2020-03-20 20:25:33,976 : INFO : using serial LDA version on this node
2020-03-20 20:25:33,976 : INFO : running online (single-pass) LDA training, 15 topics, 1 passes over the supplied corpus of 1 documents, updating model once every 1 documents, evaluating perplexity every 1 documents, iterating 50x with a convergence threshold of 0.001000
2020-03-20 20:25:33,976 : WARNING : too few updates, training might not converge; consider increasing the number of passes or iterations to improve accuracy
2020-03-20 20:25:33,979 : INFO : -19.026 per-word bound, 533891.8 perplexity estimate based on a held-out corpus of 1 documents with 103 words
2020-03-20 20:25:33,979 : INFO : PROGRESS: pass 0, at document #1/1
2020-03-20 20:25:33,981 : INFO : topic #6 (0.067): 0.030*"don’t" + 0.027*"father" + 0.025*"child" + 0.023*"doesn’t" + 0.023*"commandment" + 0.022*"truth" + 0.022*"teaching" + 0.022*"love" + 0.020*"deceiver" + 0.020*"christ"
2020-03-20 20:25:33,982 : INFO : topic #14 (0.067): 0.037*"don’t" + 0.034*"father" + 0.032*"commandment" + 0.032*"truth" + 0.031*"child" + 0.028*"teaching" + 0.027*"love" + 0.023*"christ" + 0.021*"god" + 0.021*"doesn’t"
2020-03-20 20:25:33,982 : INFO : topic #3 (0.067): 0.014*"doesn’t" + 0.014*"walk" + 0.014*"father" + 0.014*"teaching" + 0.014*"don’t" + 0.014*"remains" + 0.014*"deceiver" + 0.014*"truth" + 0.014*"commandment" + 0.014*"receive"
2020-03-20 20:25:33,982 : INFO : topic #10 (0.067): 0.014*"commandment" + 0.014*"doesn’t" + 0.014*"jesus" + 0.014*"love" + 0.014*"remains" + 0.014*"father" + 0.014*"don’t" + 0.014*"teaching" + 0.014*"deceiver" + 0.014*"truth"
2020-03-20 20:25:33,982 : INFO : topic #1 (0.067): 0.014*"teaching" + 0.014*"christ" + 0.014*"son" + 0.014*"don’t" + 0.014*"doesn’t" + 0.014*"god" + 0.014*"deceiver" + 0.014*"remains" + 0.014*"truth" + 0.014*"commandment"
2020-03-20 20:25:33,982 : INFO : topic diff=8.705484, rho=1.000000
2020-03-20 20:25:33,983 : INFO : saving LdaState object under ./model/verse79_topics_15_1_gram_lda.model.state, separately None
2020-03-20 20:25:33,984 : INFO : saved ./model/verse79_topics_15_1_gram_lda.model.state
2020-03-20 20:25:33,985 : INFO : saving LdaModel object under ./model/verse79_topics_15_1_gram_lda.model, separately ['expElogbeta', 'sstats']
2020-03-20 20:25:33,985 : INFO : storing np array 'expElogbeta' to ./model/verse79_topics_15_1_gram_lda.model.expElogbeta.npy
2020-03-20 20:25:33,991 : INFO : not storing attribute state
2020-03-20 20:25:33,992 : INFO : not storing attribute id2word
2020-03-20 20:25:33,992 : INFO : not storing attribute dispatcher
2020-03-20 20:25:33,993 : INFO : saved ./model/verse79_topics_15_1_gram_lda.model
2020-03-20 20:25:34,005 : INFO : NumExpr defaulting to 4 threads.
