2020-03-20 17:33:07,576 : INFO : adding document #0 to Dictionary(0 unique tokens: [])
2020-03-20 17:33:07,578 : INFO : built Dictionary(606 unique tokens: ['1n', 'achzib', 'adullam', 'ahaz', 'anxiously']...) from 7 documents (total 1077 corpus positions)
2020-03-20 17:33:07,578 : INFO : saving Dictionary object under ./model/verse33_topics_15_1_gram_dict.dict, separately None
2020-03-20 17:33:07,580 : INFO : saved ./model/verse33_topics_15_1_gram_dict.dict
2020-03-20 17:33:07,583 : INFO : storing corpus in Matrix Market format to ./model/verse33_topics_15_1_gram_corpus.mm
2020-03-20 17:33:07,584 : INFO : saving sparse matrix to ./model/verse33_topics_15_1_gram_corpus.mm
2020-03-20 17:33:07,584 : INFO : PROGRESS: saving document #0
2020-03-20 17:33:07,585 : INFO : saved 7x606 matrix, density=20.273% (860/4242)
2020-03-20 17:33:07,586 : INFO : saving MmCorpus index to ./model/verse33_topics_15_1_gram_corpus.mm.index
2020-03-20 17:33:07,588 : INFO : using symmetric alpha at 0.06666666666666667
2020-03-20 17:33:07,589 : INFO : using symmetric eta at 0.06666666666666667
2020-03-20 17:33:07,589 : INFO : using serial LDA version on this node
2020-03-20 17:33:07,590 : INFO : running online (single-pass) LDA training, 15 topics, 1 passes over the supplied corpus of 7 documents, updating model once every 7 documents, evaluating perplexity every 7 documents, iterating 50x with a convergence threshold of 0.001000
2020-03-20 17:33:07,590 : WARNING : too few updates, training might not converge; consider increasing the number of passes or iterations to improve accuracy
2020-03-20 17:33:07,607 : INFO : -19.032 per-word bound, 536189.7 perplexity estimate based on a held-out corpus of 7 documents with 1077 words
2020-03-20 17:33:07,607 : INFO : PROGRESS: pass 0, at document #7/7
2020-03-20 17:33:07,618 : INFO : topic #14 (0.067): 0.021*"lord" + 0.010*"god" + 0.009*"house" + 0.009*"sin" + 0.009*"mountain" + 0.008*"day" + 0.008*"people" + 0.007*"don’t" + 0.006*"israel" + 0.006*"won’t"
2020-03-20 17:33:07,618 : INFO : topic #6 (0.067): 0.020*"people" + 0.015*"house" + 0.014*"lord" + 0.011*"lord’s" + 0.009*"break" + 0.009*"jacob" + 0.009*"evil" + 0.009*"“don’t" + 0.008*"surely" + 0.008*"spirit"
2020-03-20 17:33:07,618 : INFO : topic #9 (0.067): 0.012*"day" + 0.007*"god" + 0.007*"lord" + 0.005*"people" + 0.005*"don’t" + 0.005*"land" + 0.005*"egypt" + 0.005*"sea" + 0.005*"father" + 0.005*"evil"
2020-03-20 17:33:07,618 : INFO : topic #11 (0.067): 0.007*"day" + 0.004*"land" + 0.004*"lord" + 0.004*"god" + 0.004*"light" + 0.004*"egypt" + 0.003*"sea" + 0.003*"desire" + 0.003*"don’t" + 0.003*"enemy"
2020-03-20 17:33:07,618 : INFO : topic #2 (0.067): 0.019*"lord" + 0.012*"people" + 0.011*"house" + 0.010*"won’t" + 0.009*"thousand" + 0.009*"lord’s" + 0.008*"walk" + 0.007*"god" + 0.007*"save" + 0.007*"oil"
2020-03-20 17:33:07,618 : INFO : topic diff=8.036622, rho=1.000000
2020-03-20 17:33:07,620 : INFO : saving LdaState object under ./model/verse33_topics_15_1_gram_lda.model.state, separately None
2020-03-20 17:33:07,622 : INFO : saved ./model/verse33_topics_15_1_gram_lda.model.state
2020-03-20 17:33:07,623 : INFO : saving LdaModel object under ./model/verse33_topics_15_1_gram_lda.model, separately ['expElogbeta', 'sstats']
2020-03-20 17:33:07,623 : INFO : storing np array 'expElogbeta' to ./model/verse33_topics_15_1_gram_lda.model.expElogbeta.npy
2020-03-20 17:33:07,629 : INFO : not storing attribute id2word
2020-03-20 17:33:07,629 : INFO : not storing attribute dispatcher
2020-03-20 17:33:07,629 : INFO : not storing attribute state
2020-03-20 17:33:07,630 : INFO : saved ./model/verse33_topics_15_1_gram_lda.model
2020-03-20 17:33:07,648 : INFO : NumExpr defaulting to 4 threads.
