2020-03-20 16:44:59,486 : INFO : adding document #0 to Dictionary(0 unique tokens: [])
2020-03-20 16:44:59,497 : INFO : built Dictionary(1957 unique tokens: ['1n', 'abundantly', 'afflict', 'afflicted', 'alive']...) from 40 documents (total 11092 corpus positions)
2020-03-20 16:44:59,497 : INFO : saving Dictionary object under ./model/verse2_topics_15_1_gram_dict.dict, separately None
2020-03-20 16:44:59,499 : INFO : saved ./model/verse2_topics_15_1_gram_dict.dict
2020-03-20 16:44:59,508 : INFO : storing corpus in Matrix Market format to ./model/verse2_topics_15_1_gram_corpus.mm
2020-03-20 16:44:59,509 : INFO : saving sparse matrix to ./model/verse2_topics_15_1_gram_corpus.mm
2020-03-20 16:44:59,510 : INFO : PROGRESS: saving document #0
2020-03-20 16:44:59,518 : INFO : saved 40x1957 matrix, density=7.058% (5525/78280)
2020-03-20 16:44:59,518 : INFO : saving MmCorpus index to ./model/verse2_topics_15_1_gram_corpus.mm.index
2020-03-20 16:44:59,520 : INFO : using symmetric alpha at 0.06666666666666667
2020-03-20 16:44:59,520 : INFO : using symmetric eta at 0.06666666666666667
2020-03-20 16:44:59,521 : INFO : using serial LDA version on this node
2020-03-20 16:44:59,525 : INFO : running online (single-pass) LDA training, 15 topics, 1 passes over the supplied corpus of 40 documents, updating model once every 40 documents, evaluating perplexity every 40 documents, iterating 50x with a convergence threshold of 0.001000
2020-03-20 16:44:59,525 : WARNING : too few updates, training might not converge; consider increasing the number of passes or iterations to improve accuracy
2020-03-20 16:44:59,617 : INFO : -11.956 per-word bound, 3971.9 perplexity estimate based on a held-out corpus of 40 documents with 11092 words
2020-03-20 16:44:59,617 : INFO : PROGRESS: pass 0, at document #40/40
2020-03-20 16:44:59,671 : INFO : topic #10 (0.067): 0.035*"moses" + 0.033*"lord" + 0.025*"people" + 0.018*"israel" + 0.016*"god" + 0.012*"hand" + 0.011*"aaron" + 0.010*"child" + 0.010*"egypt" + 0.009*"land"
2020-03-20 16:44:59,671 : INFO : topic #11 (0.067): 0.011*"child" + 0.010*"lord" + 0.008*"son" + 0.007*"moses" + 0.006*"socket" + 0.006*"stone" + 0.006*"fine" + 0.006*"pillar" + 0.006*"gold" + 0.006*"hand"
2020-03-20 16:44:59,671 : INFO : topic #2 (0.067): 0.016*"lord" + 0.012*"gold" + 0.010*"aaron" + 0.009*"moses" + 0.008*"pharaoh" + 0.008*"land" + 0.006*"cubit" + 0.006*"egypt" + 0.006*"ring" + 0.006*"pure"
2020-03-20 16:44:59,671 : INFO : topic #9 (0.067): 0.020*"gold" + 0.019*"lord" + 0.017*"moses" + 0.009*"child" + 0.009*"branch" + 0.009*"holy" + 0.008*"israel" + 0.008*"day" + 0.007*"altar" + 0.007*"pure"
2020-03-20 16:44:59,671 : INFO : topic #1 (0.067): 0.047*"lord" + 0.031*"moses" + 0.029*"people" + 0.014*"israel" + 0.014*"land" + 0.014*"child" + 0.014*"pharaoh" + 0.013*"egypt" + 0.012*"god" + 0.010*"day"
2020-03-20 16:44:59,671 : INFO : topic diff=6.811509, rho=1.000000
2020-03-20 16:44:59,673 : INFO : saving LdaState object under ./model/verse2_topics_15_1_gram_lda.model.state, separately None
2020-03-20 16:44:59,675 : INFO : saved ./model/verse2_topics_15_1_gram_lda.model.state
2020-03-20 16:44:59,677 : INFO : saving LdaModel object under ./model/verse2_topics_15_1_gram_lda.model, separately ['expElogbeta', 'sstats']
2020-03-20 16:44:59,677 : INFO : storing np array 'expElogbeta' to ./model/verse2_topics_15_1_gram_lda.model.expElogbeta.npy
2020-03-20 16:44:59,683 : INFO : not storing attribute state
2020-03-20 16:44:59,683 : INFO : not storing attribute dispatcher
2020-03-20 16:44:59,683 : INFO : not storing attribute id2word
2020-03-20 16:44:59,684 : INFO : saved ./model/verse2_topics_15_1_gram_lda.model
2020-03-20 16:44:59,731 : INFO : NumExpr defaulting to 4 threads.
